`anchor` 0.29.0 is not installed with `avm`. Installing...

info: syncing channel updates for 1.79.0-x86_64-unknown-linux-gnu
info: latest update on 2024-06-13 for version 1.79.0 (129f3b996 2024-06-10)
info: downloading 6 components

  1.79.0-x86_64-unknown-linux-gnu installed - rustc 1.79.0 (129f3b996 2024-06-10)

info: checking for self-update (current version: 1.29.0)
    Updating git repository `https://github.com/coral-xyz/anchor`
    Updating git submodule `https://github.com/openbook-dex/program`
    Updating git submodule `https://github.com/project-serum/stake.git`
    Updating git submodule `https://github.com/project-serum/swap.git`
    Updating git submodule `https://github.com/project-serum/serum-dex.git`
    Updating git submodule `https://github.com/openbook-dex/program`
warning: skipping duplicate package `shared` found at `/home/rolan/.cargo/git/checkouts/anchor-50c4b9c8b5e0501f/fc9fd6d/tests/misc/programs/shared`
warning: skipping duplicate package `docs` found at `/home/rolan/.cargo/git/checkouts/anchor-50c4b9c8b5e0501f/fc9fd6d/tests/docs/programs/docs`
warning: skipping duplicate package `relations-derivation` found at `/home/rolan/.cargo/git/checkouts/anchor-50c4b9c8b5e0501f/fc9fd6d/tests/relations-derivation/programs/relations-derivation`
warning: skipping duplicate package `shared` found at `/home/rolan/.cargo/git/checkouts/anchor-50c4b9c8b5e0501f/fc9fd6d/tests/zero-copy/programs/shared`
warning: skipping duplicate package `swap` found at `/home/rolan/.cargo/git/checkouts/anchor-50c4b9c8b5e0501f/fc9fd6d/tests/cfo/deps/swap/programs/swap`
warning: virtual workspace defaulting to `resolver = "1"` despite one or more workspace members being on edition 2021 which implies `resolver = "2"`
note: to keep the current resolver, specify `workspace.resolver = "1"` in the workspace root's manifest
note: to use the edition 2021 resolver, specify `workspace.resolver = "2"` in the workspace root's manifest
note: for more details see https://doc.rust-lang.org/cargo/reference/resolver.html#resolver-versions
error: binary `anchor` already exists in destination
Add --force to overwrite
Error: Failed to install 0.29.0, is it a valid version?
Failed to install `anchor`: failed to install `anchor` 0.29.0 with avm, using 0.32.1 instead
WARNING: `anchor-lang` version(0.29.0) and the current CLI version(0.32.1) don't match.

	This can lead to unwanted behavior. To use the same CLI version, add:

	[toolchain]
	anchor_version = "0.29.0"

	to Anchor.toml

WARNING: `@coral-xyz/anchor` version(^0.29.0) and the current CLI version(0.32.1) don't match.

	This can lead to unwanted behavior. To fix, upgrade the package by running:

	yarn upgrade @coral-xyz/anchor@0.32.1

Error: Function _ZN14spl_token_20229extension21confidential_transfer12verify_proof30verify_transfer_with_fee_proof17ha328a13a73f4e1b2E Stack offset of 4248 exceeded max offset of 4096 by 152 bytes, please minimize large stack variables. Estimated function frame size: 4352 bytes. Exceeding the maximum stack offset may cause undefined behavior during execution.

Error: A function call in method _ZN14spl_token_20229extension21confidential_transfer12verify_proof30verify_transfer_with_fee_proof17ha328a13a73f4e1b2E overwrites values in the frame. Please, decrease stack usage or remove parameters from the call. The function call may cause undefined behavior during execution.

Error: A function call in method _ZN14spl_token_20229extension21confidential_transfer12verify_proof30verify_transfer_with_fee_proof17ha328a13a73f4e1b2E overwrites values in the frame. Please, decrease stack usage or remove parameters from the call. The function call may cause undefined behavior during execution.

Error: A function call in method _ZN14spl_token_20229extension21confidential_transfer12verify_proof30verify_transfer_with_fee_proof17ha328a13a73f4e1b2E overwrites values in the frame. Please, decrease stack usage or remove parameters from the call. The function call may cause undefined behavior during execution.

Error: A function call in method _ZN14spl_token_20229extension21confidential_transfer12verify_proof30verify_transfer_with_fee_proof17ha328a13a73f4e1b2E overwrites values in the frame. Please, decrease stack usage or remove parameters from the call. The function call may cause undefined behavior during execution.

Error: Function _ZN14spl_token_20229extension21confidential_transfer12verify_proof30verify_transfer_with_fee_proof17h51642b79cef017b8E Stack offset of 4248 exceeded max offset of 4096 by 152 bytes, please minimize large stack variables. Estimated function frame size: 4352 bytes. Exceeding the maximum stack offset may cause undefined behavior during execution.

Error: A function call in method _ZN14spl_token_20229extension21confidential_transfer12verify_proof30verify_transfer_with_fee_proof17h51642b79cef017b8E overwrites values in the frame. Please, decrease stack usage or remove parameters from the call. The function call may cause undefined behavior during execution.

Error: A function call in method _ZN14spl_token_20229extension21confidential_transfer12verify_proof30verify_transfer_with_fee_proof17h51642b79cef017b8E overwrites values in the frame. Please, decrease stack usage or remove parameters from the call. The function call may cause undefined behavior during execution.

Error: A function call in method _ZN14spl_token_20229extension21confidential_transfer12verify_proof30verify_transfer_with_fee_proof17h51642b79cef017b8E overwrites values in the frame. Please, decrease stack usage or remove parameters from the call. The function call may cause undefined behavior during execution.

Error: A function call in method _ZN14spl_token_20229extension21confidential_transfer12verify_proof30verify_transfer_with_fee_proof17h51642b79cef017b8E overwrites values in the frame. Please, decrease stack usage or remove parameters from the call. The function call may cause undefined behavior during execution.

   Compiling anchor-spl v0.29.0
   Compiling raydium-cp-swap v0.1.0 (https://github.com/raydium-io/raydium-cp-swap?rev=87685cf2#87685cf2)
Error: Function _ZN161_$LT$raydium_cp_swap..instructions..initialize..Initialize$u20$as$u20$anchor_lang..Accounts$LT$raydium_cp_swap..instructions..initialize..InitializeBumps$GT$$GT$12try_accounts17hd170fc25713cabcfE Stack offset of 4776 exceeded max offset of 4096 by 680 bytes, please minimize large stack variables. Estimated function frame size: 5056 bytes. Exceeding the maximum stack offset may cause undefined behavior during execution.

Error: A function call in method _ZN161_$LT$raydium_cp_swap..instructions..initialize..Initialize$u20$as$u20$anchor_lang..Accounts$LT$raydium_cp_swap..instructions..initialize..InitializeBumps$GT$$GT$12try_accounts17hd170fc25713cabcfE overwrites values in the frame. Please, decrease stack usage or remove parameters from the call. The function call may cause undefined behavior during execution.

Error: A function call in method _ZN161_$LT$raydium_cp_swap..instructions..initialize..Initialize$u20$as$u20$anchor_lang..Accounts$LT$raydium_cp_swap..instructions..initialize..InitializeBumps$GT$$GT$12try_accounts17hd170fc25713cabcfE overwrites values in the frame. Please, decrease stack usage or remove parameters from the call. The function call may cause undefined behavior during execution.

Error: A function call in method _ZN161_$LT$raydium_cp_swap..instructions..initialize..Initialize$u20$as$u20$anchor_lang..Accounts$LT$raydium_cp_swap..instructions..initialize..InitializeBumps$GT$$GT$12try_accounts17hd170fc25713cabcfE overwrites values in the frame. Please, decrease stack usage or remove parameters from the call. The function call may cause undefined behavior during execution.

Error: A function call in method _ZN161_$LT$raydium_cp_swap..instructions..initialize..Initialize$u20$as$u20$anchor_lang..Accounts$LT$raydium_cp_swap..instructions..initialize..InitializeBumps$GT$$GT$12try_accounts17hd170fc25713cabcfE overwrites values in the frame. Please, decrease stack usage or remove parameters from the call. The function call may cause undefined behavior during execution.

Error: A function call in method _ZN161_$LT$raydium_cp_swap..instructions..initialize..Initialize$u20$as$u20$anchor_lang..Accounts$LT$raydium_cp_swap..instructions..initialize..InitializeBumps$GT$$GT$12try_accounts17hd170fc25713cabcfE overwrites values in the frame. Please, decrease stack usage or remove parameters from the call. The function call may cause undefined behavior during execution.

Error: A function call in method _ZN161_$LT$raydium_cp_swap..instructions..initialize..Initialize$u20$as$u20$anchor_lang..Accounts$LT$raydium_cp_swap..instructions..initialize..InitializeBumps$GT$$GT$12try_accounts17hd170fc25713cabcfE overwrites values in the frame. Please, decrease stack usage or remove parameters from the call. The function call may cause undefined behavior during execution.

Error: A function call in method _ZN161_$LT$raydium_cp_swap..instructions..initialize..Initialize$u20$as$u20$anchor_lang..Accounts$LT$raydium_cp_swap..instructions..initialize..InitializeBumps$GT$$GT$12try_accounts17hd170fc25713cabcfE overwrites values in the frame. Please, decrease stack usage or remove parameters from the call. The function call may cause undefined behavior during execution.

Error: A function call in method _ZN161_$LT$raydium_cp_swap..instructions..initialize..Initialize$u20$as$u20$anchor_lang..Accounts$LT$raydium_cp_swap..instructions..initialize..InitializeBumps$GT$$GT$12try_accounts17hd170fc25713cabcfE overwrites values in the frame. Please, decrease stack usage or remove parameters from the call. The function call may cause undefined behavior during execution.

Error: A function call in method _ZN161_$LT$raydium_cp_swap..instructions..initialize..Initialize$u20$as$u20$anchor_lang..Accounts$LT$raydium_cp_swap..instructions..initialize..InitializeBumps$GT$$GT$12try_accounts17hd170fc25713cabcfE overwrites values in the frame. Please, decrease stack usage or remove parameters from the call. The function call may cause undefined behavior during execution.

   Compiling zeroboost v0.1.0 (/mnt/c/Users/rolan/projects/hashfund/packages/zeroboost/programs/zeroboost)
error: mut must be provided before realloc
  --> programs/zeroboost/src/instructions/initialize_config.rs:13:9
   |
13 |         realloc = CONFIG_SIZE,
   |         ^^^^^^^^^^^^^^^^^^^^^

error[E0432]: unresolved import `crate`
  --> programs/zeroboost/src/lib.rs:68:1
   |
68 | #[program]
   | ^^^^^^^^^^ could not find `__client_accounts_initialize_config` in the crate root
   |
   = note: this error originates in the attribute macro `program` (in Nightly builds, run with -Z macro-backtrace for more info)

warning: unexpected `cfg` condition value: `custom-heap`
  --> programs/zeroboost/src/lib.rs:68:1
   |
68 | #[program]
   | ^^^^^^^^^^
   |
   = note: expected values for `feature` are: `cpi`, `default`, `devnet`, `no-entrypoint`, `no-idl`, and `no-log-ix-name`
   = note: using a cfg inside a macro will use the cfgs from the destination crate and not the ones from the defining crate
   = help: try referring to `$crate::custom_heap_default` crate for guidance on how handle this unexpected cfg
   = help: the macro `$crate::custom_heap_default` may come from an old version of the `solana_program` crate, try updating your dependency with `cargo update -p solana_program`
   = note: see <https://doc.rust-lang.org/nightly/rustc/check-cfg/cargo-specifics.html> for more information about checking conditional configuration
   = note: `#[warn(unexpected_cfgs)]` on by default
   = note: this warning originates in the macro `$crate::custom_heap_default` which comes from the expansion of the attribute macro `program` (in Nightly builds, run with -Z macro-backtrace for more info)

warning: unexpected `cfg` condition value: `custom-panic`
  --> programs/zeroboost/src/lib.rs:68:1
   |
68 | #[program]
   | ^^^^^^^^^^
   |
   = note: expected values for `feature` are: `cpi`, `default`, `devnet`, `no-entrypoint`, `no-idl`, and `no-log-ix-name`
   = note: using a cfg inside a macro will use the cfgs from the destination crate and not the ones from the defining crate
   = help: try referring to `$crate::custom_panic_default` crate for guidance on how handle this unexpected cfg
   = help: the macro `$crate::custom_panic_default` may come from an old version of the `solana_program` crate, try updating your dependency with `cargo update -p solana_program`
   = note: see <https://doc.rust-lang.org/nightly/rustc/check-cfg/cargo-specifics.html> for more information about checking conditional configuration
   = note: this warning originates in the macro `$crate::custom_panic_default` which comes from the expansion of the attribute macro `program` (in Nightly builds, run with -Z macro-backtrace for more info)

warning: unused import: `transfer`
 --> programs/zeroboost/src/instructions/swap.rs:1:56
  |
1 | use anchor_lang::{ prelude::*, system_program::{ self, transfer } };
  |                                                        ^^^^^^^^
  |
  = note: `#[warn(unused_imports)]` on by default

warning: unused import: `TokenAccount`
  --> programs/zeroboost/src/instructions/swap.rs:10:9
   |
10 |         TokenAccount,
   |         ^^^^^^^^^^^^

warning: unused import: `CURVE_SEED`
  --> programs/zeroboost/src/instructions/swap.rs:27:5
   |
27 |     CURVE_SEED,
   |     ^^^^^^^^^^

warning: unexpected `cfg` condition value: `anchor-debug`
  --> programs/zeroboost/src/instructions/swap.rs:30:10
   |
30 | #[derive(Accounts)]
   |          ^^^^^^^^
   |
   = note: expected values for `feature` are: `cpi`, `default`, `devnet`, `no-entrypoint`, `no-idl`, and `no-log-ix-name`
   = note: using a cfg inside a derive macro will use the cfgs from the destination crate and not the ones from the defining crate
   = help: try referring to `Accounts` crate for guidance on how handle this unexpected cfg
   = help: the derive macro `Accounts` may come from an old version of the `anchor_derive_accounts` crate, try updating your dependency with `cargo update -p anchor_derive_accounts`
   = note: see <https://doc.rust-lang.org/nightly/rustc/check-cfg/cargo-specifics.html> for more information about checking conditional configuration
   = note: this warning originates in the derive macro `Accounts` (in Nightly builds, run with -Z macro-backtrace for more info)

warning: unused imports: `CONFIG_SEED`, `CONFIG_SIZE`, and `admin`
 --> programs/zeroboost/src/instructions/initialize_config.rs:3:14
  |
3 | use crate::{ admin, states::config::{ Config, CONFIG_SIZE }, CONFIG_SEED };
  |              ^^^^^                            ^^^^^^^^^^^    ^^^^^^^^^^^

warning: unused import: `TokenAccount`
  --> programs/zeroboost/src/instructions/mint_token.rs:13:61
   |
13 |     token::{mint_to, transfer_checked, Mint, MintTo, Token, TokenAccount, TransferChecked},
   |                                                             ^^^^^^^^^^^^

warning: unexpected `cfg` condition value: `anchor-debug`
  --> programs/zeroboost/src/instructions/mint_token.rs:32:10
   |
32 | #[derive(Accounts)]
   |          ^^^^^^^^
   |
   = note: expected values for `feature` are: `cpi`, `default`, `devnet`, `no-entrypoint`, `no-idl`, and `no-log-ix-name`
   = note: using a cfg inside a derive macro will use the cfgs from the destination crate and not the ones from the defining crate
   = help: try referring to `Accounts` crate for guidance on how handle this unexpected cfg
   = help: the derive macro `Accounts` may come from an old version of the `anchor_derive_accounts` crate, try updating your dependency with `cargo update -p anchor_derive_accounts`
   = note: see <https://doc.rust-lang.org/nightly/rustc/check-cfg/cargo-specifics.html> for more information about checking conditional configuration
   = note: this warning originates in the derive macro `Accounts` (in Nightly builds, run with -Z macro-backtrace for more info)

warning: unexpected `cfg` condition value: `anchor-debug`
  --> programs/zeroboost/src/instructions/migrate_fund.rs:20:10
   |
20 | #[derive(Accounts)]
   |          ^^^^^^^^
   |
   = note: expected values for `feature` are: `cpi`, `default`, `devnet`, `no-entrypoint`, `no-idl`, and `no-log-ix-name`
   = note: using a cfg inside a derive macro will use the cfgs from the destination crate and not the ones from the defining crate
   = help: try referring to `Accounts` crate for guidance on how handle this unexpected cfg
   = help: the derive macro `Accounts` may come from an old version of the `anchor_derive_accounts` crate, try updating your dependency with `cargo update -p anchor_derive_accounts`
   = note: see <https://doc.rust-lang.org/nightly/rustc/check-cfg/cargo-specifics.html> for more information about checking conditional configuration
   = note: this warning originates in the derive macro `Accounts` (in Nightly builds, run with -Z macro-backtrace for more info)

warning: unexpected `cfg` condition value: `anchor-debug`
  --> programs/zeroboost/src/lib.rs:68:1
   |
68 | #[program]
   | ^^^^^^^^^^
   |
   = note: expected values for `feature` are: `cpi`, `default`, `devnet`, `no-entrypoint`, `no-idl`, and `no-log-ix-name`
   = note: using a cfg inside a attribute macro will use the cfgs from the destination crate and not the ones from the defining crate
   = help: try referring to `program` crate for guidance on how handle this unexpected cfg
   = help: the attribute macro `program` may come from an old version of the `anchor_attribute_program` crate, try updating your dependency with `cargo update -p anchor_attribute_program`
   = note: see <https://doc.rust-lang.org/nightly/rustc/check-cfg/cargo-specifics.html> for more information about checking conditional configuration
   = note: this warning originates in the attribute macro `program` (in Nightly builds, run with -Z macro-backtrace for more info)

warning: unexpected `cfg` condition value: `anchor-debug`
  --> programs/zeroboost/src/lib.rs:68:1
   |
68 | #[program]
   | ^^^^^^^^^^
   |
   = note: expected values for `feature` are: `cpi`, `default`, `devnet`, `no-entrypoint`, `no-idl`, and `no-log-ix-name`
   = note: using a cfg inside a derive macro will use the cfgs from the destination crate and not the ones from the defining crate
   = help: try referring to `Accounts` crate for guidance on how handle this unexpected cfg
   = help: the derive macro `Accounts` may come from an old version of the `anchor_derive_accounts` crate, try updating your dependency with `cargo update -p anchor_derive_accounts`
   = note: see <https://doc.rust-lang.org/nightly/rustc/check-cfg/cargo-specifics.html> for more information about checking conditional configuration
   = note: this warning originates in the derive macro `Accounts` (in Nightly builds, run with -Z macro-backtrace for more info)

error[E0277]: the trait bound `initialize_config::InitializeConfig<'_>: Bumps` is not satisfied
  --> programs/zeroboost/src/lib.rs:73:18
   |
73 |         context: Context<InitializeConfig>,
   |                  ^^^^^^^^^^^^^^^^^^^^^^^^^ the trait `Bumps` is not implemented for `initialize_config::InitializeConfig<'_>`
   |
   = help: the following other types implement trait `Bumps`:
             CreateMetadataAccountsV3<'info>
             CreateNonceAccount<'info>
             CreateNonceAccountWithSeed<'info>
             UpdateMetadataAccountsV2<'info>
             __idl::IdlAccounts<'info>
             __idl::IdlCloseAccount<'info>
             __idl::IdlCreateAccounts<'info>
             __idl::IdlCreateBuffer<'info>
           and 89 others
note: required by a bound in `anchor_lang::context::Context`
  --> src/context.rs:24:1

error[E0277]: the trait bound `initialize_config::InitializeConfig<'_>: Bumps` is not satisfied
  --> programs/zeroboost/src/instructions/initialize_config.rs:34:18
   |
34 |         context: Context<InitializeConfig>,
   |                  ^^^^^^^^^^^^^^^^^^^^^^^^^ the trait `Bumps` is not implemented for `initialize_config::InitializeConfig<'_>`
   |
   = help: the following other types implement trait `Bumps`:
             CreateMetadataAccountsV3<'info>
             CreateNonceAccount<'info>
             CreateNonceAccountWithSeed<'info>
             UpdateMetadataAccountsV2<'info>
             __idl::IdlAccounts<'info>
             __idl::IdlCloseAccount<'info>
             __idl::IdlCreateAccounts<'info>
             __idl::IdlCreateBuffer<'info>
           and 89 others
note: required by a bound in `anchor_lang::context::Context`
  --> src/context.rs:24:1

error[E0277]: the trait bound `initialize_config::InitializeConfig<'_>: Bumps` is not satisfied in `anchor_lang::context::Context<'_, '_, '_, '_, initialize_config::InitializeConfig<'_>>`
  --> programs/zeroboost/src/instructions/initialize_config.rs:34:18
   |
34 |         context: Context<InitializeConfig>,
   |                  ^^^^^^^^^^^^^^^^^^^^^^^^^ unsatisfied trait bound
   |
   = help: within `anchor_lang::context::Context<'_, '_, '_, '_, initialize_config::InitializeConfig<'_>>`, the trait `Bumps` is not implemented for `initialize_config::InitializeConfig<'_>`
   = help: the following other types implement trait `Bumps`:
             CreateMetadataAccountsV3<'info>
             CreateNonceAccount<'info>
             CreateNonceAccountWithSeed<'info>
             UpdateMetadataAccountsV2<'info>
             __idl::IdlAccounts<'info>
             __idl::IdlCloseAccount<'info>
             __idl::IdlCreateAccounts<'info>
             __idl::IdlCreateBuffer<'info>
           and 89 others
note: required because it appears within the type `anchor_lang::context::Context<'_, '_, '_, '_, initialize_config::InitializeConfig<'_>>`
  --> src/context.rs:24:12
   = help: unsized fn params are gated as an unstable feature
help: function arguments must have a statically known size, borrowed types always have a known size
   |
34 |         context: &Context<InitializeConfig>,
   |                  +

error[E0277]: the trait bound `initialize_config::InitializeConfig<'_>: Bumps` is not satisfied
  --> programs/zeroboost/src/instructions/initialize_config.rs:39:23
   |
39 |         config.bump = context.bumps.config;
   |                       ^^^^^^^^^^^^^ the trait `Bumps` is not implemented for `initialize_config::InitializeConfig<'_>`
   |
   = help: the following other types implement trait `Bumps`:
             CreateMetadataAccountsV3<'info>
             CreateNonceAccount<'info>
             CreateNonceAccountWithSeed<'info>
             UpdateMetadataAccountsV2<'info>
             __idl::IdlAccounts<'info>
             __idl::IdlCloseAccount<'info>
             __idl::IdlCreateAccounts<'info>
             __idl::IdlCreateBuffer<'info>
           and 89 others

error[E0277]: the trait bound `initialize_config::InitializeConfig<'_>: Bumps` is not satisfied
  --> programs/zeroboost/src/lib.rs:73:26
   |
73 |         context: Context<InitializeConfig>,
   |                          ^^^^^^^^^^^^^^^^ the trait `Bumps` is not implemented for `initialize_config::InitializeConfig<'_>`
   |
   = help: the following other types implement trait `Bumps`:
             CreateMetadataAccountsV3<'info>
             CreateNonceAccount<'info>
             CreateNonceAccountWithSeed<'info>
             UpdateMetadataAccountsV2<'info>
             __idl::IdlAccounts<'info>
             __idl::IdlCloseAccount<'info>
             __idl::IdlCreateAccounts<'info>
             __idl::IdlCreateBuffer<'info>
           and 89 others

error[E0277]: the trait bound `initialize_config::InitializeConfig<'_>: Bumps` is not satisfied
  --> programs/zeroboost/src/lib.rs:68:1
   |
68 | #[program]
   | ^^^^^^^^^^ the trait `Bumps` is not implemented for `initialize_config::InitializeConfig<'_>`
   |
   = help: the following other types implement trait `Bumps`:
             CreateMetadataAccountsV3<'info>
             CreateNonceAccount<'info>
             CreateNonceAccountWithSeed<'info>
             UpdateMetadataAccountsV2<'info>
             __idl::IdlAccounts<'info>
             __idl::IdlCloseAccount<'info>
             __idl::IdlCreateAccounts<'info>
             __idl::IdlCreateBuffer<'info>
           and 89 others
   = note: this error originates in the attribute macro `program` (in Nightly builds, run with -Z macro-backtrace for more info)

error[E0599]: no function or associated item named `try_accounts` found for struct `initialize_config::InitializeConfig` in the current scope
  --> programs/zeroboost/src/lib.rs:68:1
   |
68 | #[program]
   | ^^^^^^^^^^ function or associated item not found in `initialize_config::InitializeConfig<'_>`
   |
  ::: programs/zeroboost/src/instructions/initialize_config.rs:6:1
   |
6  | pub struct InitializeConfig<'info> {
   | ---------------------------------- function or associated item `try_accounts` not found for this struct
   |
   = help: items from traits can only be used if the trait is implemented and in scope
   = note: the following trait defines an item `try_accounts`, perhaps you need to implement it:
           candidate #1: `anchor_lang::Accounts`
help: there is a method `try_into` with a similar name, but with different arguments
  --> /home/runner/work/platform-tools/platform-tools/out/rust/library/core/src/convert/mod.rs:617:5
   = note: this error originates in the attribute macro `program` (in Nightly builds, run with -Z macro-backtrace for more info)

error[E0277]: the trait bound `initialize_config::InitializeConfig<'_>: anchor_lang::Accounts<'_, _>` is not satisfied
  --> programs/zeroboost/src/lib.rs:68:1
   |
68 | #[program]
   | ^^^^^^^^^^ the trait `anchor_lang::Accounts<'_, _>` is not implemented for `initialize_config::InitializeConfig<'_>`
   |
   = help: the following other types implement trait `anchor_lang::Accounts<'info, B>`:
             `AccountLoader<'info, T>` implements `anchor_lang::Accounts<'info, B>`
             `Box<T>` implements `anchor_lang::Accounts<'info, B>`
             `CreateMetadataAccountsV3<'info>` implements `anchor_lang::Accounts<'info, CreateMetadataAccountsV3Bumps>`
             `CreateNonceAccount<'info>` implements `anchor_lang::Accounts<'info, CreateNonceAccountBumps>`
             `CreateNonceAccountWithSeed<'info>` implements `anchor_lang::Accounts<'info, CreateNonceAccountWithSeedBumps>`
             `Interface<'info, T>` implements `anchor_lang::Accounts<'info, B>`
             `InterfaceAccount<'info, T>` implements `anchor_lang::Accounts<'info, B>`
             `Option<T>` implements `anchor_lang::Accounts<'info, B>`
           and 102 others
note: required by a bound in `anchor_lang::context::Context::<'a, 'b, 'c, 'info, T>::new`
  --> src/context.rs:57:5
   = note: this error originates in the attribute macro `program` (in Nightly builds, run with -Z macro-backtrace for more info)

error[E0277]: the trait bound `initialize_config::InitializeConfig<'_>: Bumps` is not satisfied in `anchor_lang::context::Context<'_, '_, '_, '_, initialize_config::InitializeConfig<'_>>`
  --> programs/zeroboost/src/lib.rs:73:18
   |
73 |         context: Context<InitializeConfig>,
   |                  ^^^^^^^^^^^^^^^^^^^^^^^^^ unsatisfied trait bound
   |
   = help: within `anchor_lang::context::Context<'_, '_, '_, '_, initialize_config::InitializeConfig<'_>>`, the trait `Bumps` is not implemented for `initialize_config::InitializeConfig<'_>`
   = help: the following other types implement trait `Bumps`:
             CreateMetadataAccountsV3<'info>
             CreateNonceAccount<'info>
             CreateNonceAccountWithSeed<'info>
             UpdateMetadataAccountsV2<'info>
             __idl::IdlAccounts<'info>
             __idl::IdlCloseAccount<'info>
             __idl::IdlCreateAccounts<'info>
             __idl::IdlCreateBuffer<'info>
           and 89 others
note: required because it appears within the type `anchor_lang::context::Context<'_, '_, '_, '_, initialize_config::InitializeConfig<'_>>`
  --> src/context.rs:24:12
   = help: unsized fn params are gated as an unstable feature
help: function arguments must have a statically known size, borrowed types always have a known size
   |
73 |         context: &Context<InitializeConfig>,
   |                  +

error[E0277]: the trait bound `initialize_config::InitializeConfig<'_>: Bumps` is not satisfied
  --> programs/zeroboost/src/lib.rs:76:46
   |
76 |         InitializeConfig::process_initialize(context, params)
   |                                              ^^^^^^^ the trait `Bumps` is not implemented for `initialize_config::InitializeConfig<'_>`
   |
   = help: the following other types implement trait `Bumps`:
             CreateMetadataAccountsV3<'info>
             CreateNonceAccount<'info>
             CreateNonceAccountWithSeed<'info>
             UpdateMetadataAccountsV2<'info>
             __idl::IdlAccounts<'info>
             __idl::IdlCloseAccount<'info>
             __idl::IdlCreateAccounts<'info>
             __idl::IdlCreateBuffer<'info>
           and 89 others
note: required by a bound in `anchor_lang::context::Context`
  --> src/context.rs:24:1

Some errors have detailed explanations: E0277, E0432, E0599.
For more information about an error, try `rustc --explain E0277`.
warning: `zeroboost` (lib) generated 17 warnings (5 duplicates)
error: could not compile `zeroboost` (lib) due to 12 previous errors; 17 warnings emitted
`anchor` 0.29.0 is not installed with `avm`. Installing...

    Updating git repository `https://github.com/coral-xyz/anchor`
warning: skipping duplicate package `shared` found at `/home/rolan/.cargo/git/checkouts/anchor-50c4b9c8b5e0501f/fc9fd6d/tests/misc/programs/shared`
warning: skipping duplicate package `docs` found at `/home/rolan/.cargo/git/checkouts/anchor-50c4b9c8b5e0501f/fc9fd6d/tests/docs/programs/docs`
warning: skipping duplicate package `relations-derivation` found at `/home/rolan/.cargo/git/checkouts/anchor-50c4b9c8b5e0501f/fc9fd6d/tests/relations-derivation/programs/relations-derivation`
warning: skipping duplicate package `shared` found at `/home/rolan/.cargo/git/checkouts/anchor-50c4b9c8b5e0501f/fc9fd6d/tests/zero-copy/programs/shared`
warning: skipping duplicate package `swap` found at `/home/rolan/.cargo/git/checkouts/anchor-50c4b9c8b5e0501f/fc9fd6d/tests/cfo/deps/swap/programs/swap`
warning: virtual workspace defaulting to `resolver = "1"` despite one or more workspace members being on edition 2021 which implies `resolver = "2"`
note: to keep the current resolver, specify `workspace.resolver = "1"` in the workspace root's manifest
note: to use the edition 2021 resolver, specify `workspace.resolver = "2"` in the workspace root's manifest
note: for more details see https://doc.rust-lang.org/cargo/reference/resolver.html#resolver-versions
error: binary `anchor` already exists in destination
Add --force to overwrite
Error: Failed to install 0.29.0, is it a valid version?
Failed to install `anchor`: failed to install `anchor` 0.29.0 with avm, using 0.32.1 instead
Error: Unable to find script
